<?xml version="1.0" encoding="UTF-8"?>
<!DOCTYPE suite SYSTEM "http://testng.org/testng-1.0.dtd">
<suite name="TBSS1-4">
    <test name="Footer Testing">
        <classes>
            <class name="com.weborders.tests.AboutUs"></class>
            <class name="com.weborders.tests.RoadsideAssistance"></class>
            <class name="com.weborders.tests.BuyOrLeaseQuiz"></class>
            <class name="com.weborders.tests.FindADealer"></class>
            <class name="com.weborders.tests.ShopParts"></class>
        </classes>
    </test>
</suite>