<?xml version="1.0" encoding="UTF-8"?>
<!DOCTYPE suite SYSTEM "http://testng.org/testng-1.0.dtd">

<suite name="Social-media" parallel="classes" thread-count="5">
    <test name="Parallel">
       <classes>
       <class name="com.weborders.tests.TestBrandAndLifeStyle"></class>





       </classes>


    </test>

</suite>