<?xml version="1.0" encoding="UTF-8"?>
<!DOCTYPE suite SYSTEM "http://testng.org/testng-1.0.dtd">
<suite name="TBSS1-4">
    <test name="Footer Testing">
        <classes>
            <class name="AboutUs"></class>
            <class name="RoadsideAssistance"></class>
            <class name="BuyOrLeaseQuiz"></class>
            <class name="FindADealer"></class>
            <class name="ShopParts"></class>
        </classes>
    </test>
</suite>